<?xml version="1.0" encoding="UTF-8"?>
<!-- Generated by org.testng.reporters.JUnitReportReporter -->
<testsuite hostname="DESKTOP-UCD2CKU" failures="0" tests="4" name="MyTestCases" time="2.229" errors="0" timestamp="2024-11-06T08:42:33 EET" skipped="3">
  <testcase classname="MyTestCases" name="StaticDropDown" time="2.229"/>
  <system-out/>
  <testcase classname="MyTestCases" name="CheckRadioButton">
    <skipped/>
  </testcase> <!-- CheckRadioButton -->
  <system-out/>
  <testcase classname="MyTestCases" name="DynamicDropDown">
    <skipped/>
  </testcase> <!-- DynamicDropDown -->
  <system-out/>
  <testcase classname="MyTestCases" name="CheckHoverButton">
    <skipped/>
  </testcase> <!-- CheckHoverButton -->
  <system-out/>
</testsuite> <!-- MyTestCases -->
